-------------------------------------------------------------------------------
Test set: com.danielfreitasbs.cursomcspring.domain.CategoriaTest
-------------------------------------------------------------------------------
Tests run: 1, Failures: 1, Errors: 0, Skipped: 0, Time elapsed: 0.015 s <<< FAILURE! - in com.danielfreitasbs.cursomcspring.domain.CategoriaTest
test  Time elapsed: 0.013 s  <<< FAILURE!
org.opentest4j.AssertionFailedError: Not yet implemented
	at com.danielfreitasbs.cursomcspring.domain.CategoriaTest.test(CategoriaTest.java:11)

